\BOOKMARK [0][-]{chapter.1}{\376\377\000C\000e\000l\000\040\000i\000\040\000z\000a\000k\000r\000e\000s\000\040\000p\000r\000o\000j\000e\000k\000t\000u}{}% 1
\BOOKMARK [1][-]{section.1.1}{\376\377\000C\000e\000l\000\040\000p\000r\000o\000j\000e\000k\000t\000u}{chapter.1}% 2
\BOOKMARK [1][-]{section.1.2}{\376\377\000Z\000a\000k\000r\000e\000s\000\040\000p\000r\000o\000j\000e\000k\000t\000u}{chapter.1}% 3
\BOOKMARK [1][-]{section.1.3}{\376\377\000Z\000r\000e\000a\000l\000i\000z\000o\000w\000a\000n\000e\000\040\000m\000o\000d\000u\001\102\000y}{chapter.1}% 4
\BOOKMARK [0][-]{chapter.2}{\376\377\000Z\000a\000s\000a\000d\000y\000\040\000g\000i\000e\000r\000\040\000i\000\040\000z\000a\001\102\000o\001\174\000e\000n\000i\000a\000\040\000p\000r\000o\000j\000e\000k\000t\000o\000w\000e}{}% 5
\BOOKMARK [1][-]{section.2.1}{\376\377\000Z\000a\000s\000a\000d\000y\000\040\000g\000r\000y\000\040\000R\000e\000v\000e\000r\000s\000i}{chapter.2}% 6
\BOOKMARK [1][-]{section.2.2}{\376\377\000Z\000a\000s\000a\000d\000y\000\040\000g\000r\000y\000\040\000N\000i\000m}{chapter.2}% 7
\BOOKMARK [1][-]{section.2.3}{\376\377\000T\000r\000y\000b\000y\000\040\000r\000o\000z\000g\000r\000y\000w\000k\000i}{chapter.2}% 8
\BOOKMARK [1][-]{section.2.4}{\376\377\000Z\000a\001\102\000o\001\174\000e\000n\000i\000a\000\040\000d\000o\000t\000y\000c\000z\001\005\000c\000e\000\040\000a\000g\000e\000n\000t\000\363\000w\000\040\000A\000I}{chapter.2}% 9
\BOOKMARK [0][-]{chapter.3}{\376\377\000S\000t\000r\000u\000k\000t\000u\000r\000a\000\040\000i\000\040\000a\000r\000c\000h\000i\000t\000e\000k\000t\000u\000r\000a\000\040\000a\000p\000l\000i\000k\000a\000c\000j\000i}{}% 10
\BOOKMARK [1][-]{section.3.1}{\376\377\000O\000g\000\363\000l\000n\000a\000\040\000s\000t\000r\000u\000k\000t\000u\000r\000a\000\040\000k\000a\000t\000a\000l\000o\000g\000\363\000w}{chapter.3}% 11
\BOOKMARK [1][-]{section.3.2}{\376\377\000P\000o\000d\000z\000i\000a\001\102\000\040\000n\000a\000\040\000w\000a\000r\000s\000t\000w\000y\000\040\000a\000p\000l\000i\000k\000a\000c\000j\000i}{chapter.3}% 12
\BOOKMARK [1][-]{section.3.3}{\376\377\000M\000o\000d\000e\000l\000e\000\040\000d\000a\000n\000y\000c\000h}{chapter.3}% 13
\BOOKMARK [1][-]{section.3.4}{\376\377\000S\000i\000l\000n\000i\000k\000i\000\040\000r\000e\000g\000u\001\102\000\040\000g\000r\000y}{chapter.3}% 14
\BOOKMARK [1][-]{section.3.5}{\376\377\000W\000a\000r\000s\000t\000w\000a\000\040\000i\000n\000t\000e\000r\000f\000e\000j\000s\000u\000\040\000g\000r\000a\000f\000i\000c\000z\000n\000e\000g\000o}{chapter.3}% 15
\BOOKMARK [0][-]{chapter.4}{\376\377\000A\000l\000g\000o\000r\000y\000t\000m\000y\000\040\000s\000z\000t\000u\000c\000z\000n\000e\000j\000\040\000i\000n\000t\000e\000l\000i\000g\000e\000n\000c\000j\000i\000\040\000i\000\040\000s\000t\000r\000a\000t\000e\000g\000i\000e\000\040\000d\000e\000c\000y\000z\000y\000j\000n\000e}{}% 16
\BOOKMARK [1][-]{section.4.1}{\376\377\000A\000g\000e\000n\000t\000\040\000d\000e\000c\000y\000z\000y\000j\000n\000y\000\040\000g\000r\000y\000\040\000R\000e\000v\000e\000r\000s\000i}{chapter.4}% 17
\BOOKMARK [2][-]{subsection.4.1.1}{\376\377\000C\000h\000a\000r\000a\000k\000t\000e\000r\000y\000s\000t\000y\000k\000a\000\040\000p\000r\000o\000b\000l\000e\000m\000u\000\040\000d\000e\000c\000y\000z\000y\000j\000n\000e\000g\000o\000\040\000w\000\040\000R\000e\000v\000e\000r\000s\000i}{section.4.1}% 18
\BOOKMARK [2][-]{subsection.4.1.2}{\376\377\000A\000l\000g\000o\000r\000y\000t\000m\000\040\000M\000i\000n\000i\000m\000a\000x\000\040\000z\000\040\000p\000r\000z\000y\000c\000i\000n\000a\000n\000i\000e\000m\000\040\000A\000l\000p\000h\000a\000-\000B\000e\000t\000a}{section.4.1}% 19
\BOOKMARK [2][-]{subsection.4.1.3}{\376\377\000F\000u\000n\000k\000c\000j\000a\000\040\000h\000e\000u\000r\000y\000s\000t\000y\000c\000z\000n\000a\000\040\000o\000c\000e\000n\000y\000\040\000p\000l\000a\000n\000s\000z\000y}{section.4.1}% 20
\BOOKMARK [2][-]{subsection.4.1.4}{\376\377\000I\000m\000p\000l\000e\000m\000e\000n\000t\000a\000c\000j\000a\000\040\000a\000g\000e\000n\000t\000a\000\040\000R\000e\000v\000e\000r\000s\000i\000\040\000w\000\040\000p\000r\000o\000j\000e\000k\000c\000i\000e}{section.4.1}% 21
\BOOKMARK [2][-]{subsection.4.1.5}{\376\377\000T\000r\000y\000b\000\040\000A\000I\000\040\000v\000s\000\040\000A\000I\000\040\000i\000\040\000w\000p\001\102\000y\000w\000\040\000g\001\102\001\031\000b\000o\000k\000o\001\133\000c\000i\000\040\000p\000r\000z\000e\000s\000z\000u\000k\000i\000w\000a\000n\000i\000a}{section.4.1}% 22
\BOOKMARK [1][-]{section.4.2}{\376\377\000S\000t\000r\000a\000t\000e\000g\000i\000a\000\040\000o\000p\000t\000y\000m\000a\000l\000n\000a\000\040\000w\000\040\000g\000r\000z\000e\000\040\000N\000i\000m}{chapter.4}% 23
\BOOKMARK [2][-]{subsection.4.2.1}{\376\377\000C\000h\000a\000r\000a\000k\000t\000e\000r\000y\000s\000t\000y\000k\000a\000\040\000g\000r\000y\000\040\000N\000i\000m\000\040\000j\000a\000k\000o\000\040\000p\000r\000o\000b\000l\000e\000m\000u\000\040\000d\000e\000c\000y\000z\000y\000j\000n\000e\000g\000o}{section.4.2}% 24
\BOOKMARK [2][-]{subsection.4.2.2}{\376\377\000N\000i\000m\000-\000s\000u\000m\000\040\000j\000a\000k\000o\000\040\000p\000o\000d\000s\000t\000a\000w\000a\000\040\000d\000e\000c\000y\000z\000j\000i}{section.4.2}% 25
\BOOKMARK [2][-]{subsection.4.2.3}{\376\377\000W\000y\000z\000n\000a\000c\000z\000a\000n\000i\000e\000\040\000r\000u\000c\000h\000u\000\040\000o\000p\000t\000y\000m\000a\000l\000n\000e\000g\000o}{section.4.2}% 26
\BOOKMARK [2][-]{subsection.4.2.4}{\376\377\000I\000m\000p\000l\000e\000m\000e\000n\000t\000a\000c\000j\000a\000\040\000a\000g\000e\000n\000t\000a\000\040\000N\000i\000m\000\040\000w\000\040\000p\000r\000o\000j\000e\000k\000c\000i\000e}{section.4.2}% 27
\BOOKMARK [2][-]{subsection.4.2.5}{\376\377\000T\000r\000y\000b\000\040\000A\000I\000\040\000v\000s\000\040\000A\000I\000\040\000i\000\040\000d\000e\000t\000e\000r\000m\000i\000n\000i\000s\000t\000y\000c\000z\000n\000y\000\040\000p\000r\000z\000e\000b\000i\000e\000g\000\040\000r\000o\000z\000g\000r\000y\000w\000k\000i}{section.4.2}% 28
\BOOKMARK [0][-]{chapter.5}{\376\377\000I\000m\000p\000l\000e\000m\000e\000n\000t\000a\000c\000j\000a\000\040\000i\000n\000t\000e\000r\000f\000e\000j\000s\000u\000\040\000u\001\174\000y\000t\000k\000o\000w\000n\000i\000k\000a}{}% 29
\BOOKMARK [1][-]{section.5.1}{\376\377\000I\000n\000t\000e\000r\000f\000e\000j\000s\000\040\000g\000r\000y\000\040\000R\000e\000v\000e\000r\000s\000i}{chapter.5}% 30
\BOOKMARK [1][-]{section.5.2}{\376\377\000I\000n\000t\000e\000r\000f\000e\000j\000s\000\040\000g\000r\000y\000\040\000N\000i\000m}{chapter.5}% 31
\BOOKMARK [1][-]{section.5.3}{\376\377\000O\000b\000s\001\102\000u\000g\000a\000\040\000t\000r\000y\000b\000u\000\040\000C\000z\001\102\000o\000w\000i\000e\000k\000\040\000v\000s\000\040\000A\000I}{chapter.5}% 32
\BOOKMARK [1][-]{section.5.4}{\376\377\000O\000b\000s\001\102\000u\000g\000a\000\040\000t\000r\000y\000b\000u\000\040\000A\000I\000\040\000v\000s\000\040\000A\000I}{chapter.5}% 33
\BOOKMARK [1][-]{section.5.5}{\376\377\000P\000r\000e\000z\000e\000n\000t\000a\000c\000j\000a\000\040\000h\000i\000s\000t\000o\000r\000i\000i\000\040\000r\000u\000c\000h\000\363\000w\000\040\000i\000\040\000a\000n\000a\000l\000i\000z\000y\000\040\000A\000I}{chapter.5}% 34
\BOOKMARK [0][-]{chapter.6}{\376\377\000P\000r\000z\000y\000k\001\102\000a\000d\000o\000w\000e\000\040\000p\000r\000z\000e\000b\000i\000e\000g\000i\000\040\000r\000o\000z\000g\000r\000y\000w\000e\000k}{}% 35
\BOOKMARK [1][-]{section.6.1}{\376\377\000P\000r\000z\000y\000k\001\102\000a\000d\000\040\000d\000z\000i\000a\001\102\000a\000n\000i\000a\000\040\000R\000e\000v\000e\000r\000s\000i\000\040\000w\000\040\000t\000r\000y\000b\000i\000e\000\040\000C\000z\001\102\000o\000w\000i\000e\000k\000\040\000v\000s\000\040\000A\000I}{chapter.6}% 36
\BOOKMARK [1][-]{section.6.2}{\376\377\000P\000r\000z\000y\000k\001\102\000a\000d\000\040\000d\000z\000i\000a\001\102\000a\000n\000i\000a\000\040\000R\000e\000v\000e\000r\000s\000i\000\040\000w\000\040\000t\000r\000y\000b\000i\000e\000\040\000A\000I\000\040\000v\000s\000\040\000A\000I}{chapter.6}% 37
\BOOKMARK [1][-]{section.6.3}{\376\377\000P\000r\000z\000y\000k\001\102\000a\000d\000\040\000d\000z\000i\000a\001\102\000a\000n\000i\000a\000\040\000N\000i\000m\000\040\000w\000\040\000t\000r\000y\000b\000i\000e\000\040\000C\000z\001\102\000o\000w\000i\000e\000k\000\040\000v\000s\000\040\000A\000I}{chapter.6}% 38
\BOOKMARK [1][-]{section.6.4}{\376\377\000P\000r\000z\000y\000k\001\102\000a\000d\000\040\000d\000z\000i\000a\001\102\000a\000n\000i\000a\000\040\000N\000i\000m\000\040\000w\000\040\000t\000r\000y\000b\000i\000e\000\040\000A\000I\000\040\000v\000s\000\040\000A\000I}{chapter.6}% 39
\BOOKMARK [1][-]{section.6.5}{\376\377\000A\000n\000a\000l\000i\000z\000a\000\040\000w\000y\000b\000r\000a\000n\000y\000c\000h\000\040\000d\000e\000c\000y\000z\000j\000i\000\040\000a\000g\000e\000n\000t\000\363\000w}{chapter.6}% 40
\BOOKMARK [0][-]{chapter.7}{\376\377\000N\000a\000p\000o\000t\000k\000a\000n\000e\000\040\000w\000y\000z\000w\000a\000n\000i\000a\000\040\000i\000\040\000s\000p\000o\000s\000o\000b\000y\000\040\000i\000c\000h\000\040\000r\000o\000z\000w\000i\001\005\000z\000a\000n\000i\000a}{}% 41
\BOOKMARK [1][-]{section.7.1}{\376\377\000S\000e\000p\000a\000r\000a\000c\000j\000a\000\040\000l\000o\000g\000i\000k\000i\000\040\000g\000r\000y\000\040\000o\000d\000\040\000i\000n\000t\000e\000r\000f\000e\000j\000s\000u}{chapter.7}% 42
\BOOKMARK [1][-]{section.7.2}{\376\377\000P\000r\000o\000b\000l\000e\000m\000\040\000w\000y\000d\000a\000j\000n\000o\001\133\000c\000i\000\040\000w\000\040\000g\000r\000z\000e\000\040\000R\000e\000v\000e\000r\000s\000i}{chapter.7}% 43
\BOOKMARK [1][-]{section.7.3}{\376\377\000D\000o\000b\000\363\000r\000\040\000f\000u\000n\000k\000c\000j\000i\000\040\000h\000e\000u\000r\000y\000s\000t\000y\000c\000z\000n\000e\000j}{chapter.7}% 44
\BOOKMARK [1][-]{section.7.4}{\376\377\000O\000b\000s\001\102\000u\000g\000a\000\040\000t\000r\000y\000b\000u\000\040\000A\000I\000\040\000v\000s\000\040\000A\000I}{chapter.7}% 45
\BOOKMARK [1][-]{section.7.5}{\376\377\000P\000r\000o\000b\000l\000e\000m\000y\000\040\000z\000\040\000i\000n\000t\000e\000r\000f\000e\000j\000s\000e\000m\000\040\000i\000\040\000p\000r\000e\000z\000e\000n\000t\000a\000c\000j\001\005\000\040\000s\000t\000a\000n\000u\000\040\000g\000r\000y}{chapter.7}% 46
\BOOKMARK [0][-]{chapter.8}{\376\377\000I\000n\000s\000t\000r\000u\000k\000c\000j\000a\000\040\000u\000r\000u\000c\000h\000o\000m\000i\000e\000n\000i\000a\000\040\000p\000r\000o\000j\000e\000k\000t\000u}{}% 47
\BOOKMARK [1][-]{section.8.1}{\376\377\000W\000y\000m\000a\000g\000a\000n\000i\000a\000\040\001\133\000r\000o\000d\000o\000w\000i\000s\000k\000o\000w\000e}{chapter.8}% 48
\BOOKMARK [1][-]{section.8.2}{\376\377\000S\000t\000r\000u\000k\000t\000u\000r\000a\000\040\000p\000r\000o\000j\000e\000k\000t\000u}{chapter.8}% 49
\BOOKMARK [1][-]{section.8.3}{\376\377\000U\000r\000u\000c\000h\000o\000m\000i\000e\000n\000i\000e\000\040\000g\000r\000y\000\040\000N\000i\000m}{chapter.8}% 50
\BOOKMARK [1][-]{section.8.4}{\376\377\000U\000r\000u\000c\000h\000o\000m\000i\000e\000n\000i\000e\000\040\000g\000r\000y\000\040\000R\000e\000v\000e\000r\000s\000i}{chapter.8}% 51
\BOOKMARK [0][-]{chapter.9}{\376\377\000P\000o\000d\000s\000u\000m\000o\000w\000a\000n\000i\000e\000\040\000i\000\040\000w\000n\000i\000o\000s\000k\000i}{}% 52
\BOOKMARK [1][-]{section.9.1}{\376\377\000Z\000r\000e\000a\000l\000i\000z\000o\000w\000a\000n\000e\000\040\000f\000u\000n\000k\000c\000j\000o\000n\000a\000l\000n\000o\001\133\000c\000i}{chapter.9}% 53
\BOOKMARK [1][-]{section.9.2}{\376\377\000O\000c\000e\000n\000a\000\040\000d\000z\000i\000a\001\102\000a\000n\000i\000a\000\040\000a\000g\000e\000n\000t\000\363\000w\000\040\000A\000I}{chapter.9}% 54
\BOOKMARK [1][-]{section.9.3}{\376\377\000M\000o\001\174\000l\000i\000w\000e\000\040\000k\000i\000e\000r\000u\000n\000k\000i\000\040\000r\000o\000z\000w\000o\000j\000u}{chapter.9}% 55
\BOOKMARK [1][-]{section.9.3}{\376\377\000B\000i\000b\000l\000i\000o\000g\000r\000a\000f\000i\000a}{chapter.9}% 56
\BOOKMARK [1][-]{chapter*.1}{\376\377\000S\000p\000i\000s\000\040\000r\000y\000s\000u\000n\000k\000\363\000w}{chapter.9}% 57
\BOOKMARK [1][-]{chapter*.2}{\376\377\000O\001\133\000w\000i\000a\000d\000c\000z\000e\000n\000i\000e\000\040\000s\000t\000u\000d\000e\000n\000t\000a\000\040\000o\000\040\000s\000a\000m\000o\000d\000z\000i\000e\000l\000n\000o\001\133\000c\000i\000\040\000p\000r\000a\000c\000y}{chapter.9}% 58
